{
  "RSpec": {
    "coverage": {
      "/home/saudiaschwegler/tic-tac-toe-rb-online-web-sp-000/lib/tic_tac_toe.rb": [
        1,
        null,
        1,
        null,
        null,
        null,
        null,
        null,
        null,
        null,
        null,
        null,
        1,
        18,
        18,
        18,
        18,
        18,
        null,
        null,
        1,
        14,
        null,
        null,
        1,
        13,
        null,
        null,
        1,
        16,
        null,
        null,
        1,
        14,
        null,
        null,
        1,
        11,
        11,
        11,
        null,
        11,
        10,
        10,
        null,
        1,
        1,
        null,
        null,
        null,
        1,
        120,
        null,
        null,
        1,
        11,
        null,
        null,
        1,
        51819,
        51796,
        0,
        0,
        0,
        null,
        0,
        null,
        null,
        null,
        null,
        1,
        4,
        21,
        null,
        null,
        null,
        1,
        6,
        null,
        null,
        1,
        12,
        null,
        null,
        1,
        3,
        null,
        null,
        1,
        12,
        8,
        null,
        null,
        5,
        1,
        null,
        0,
        null,
        null
      ]
    },
    "timestamp": 1597099321
  }
}
