{
  "RSpec": {
    "coverage": {
      "/home/saudiaschwegler/tic-tac-toe-rb-online-web-sp-000/lib/tic_tac_toe.rb": [
        1,
        null,
        1,
        null,
        null,
        null,
        null,
        null,
        null,
        null,
        null,
        null,
        1,
        8,
        8,
        8,
        8,
        8,
        null,
        null,
        1,
        11,
        null,
        null,
        1,
        3,
        null,
        null,
        1,
        13,
        null,
        null,
        1,
        11,
        null,
        null,
        1,
        8,
        8,
        8,
        null,
        8,
        7,
        0,
        null,
        1,
        1,
        null,
        null,
        null,
        1,
        2,
        18,
        null,
        null,
        null,
        1,
        1,
        null,
        null,
        1,
        20,
        43,
        43,
        43,
        null,
        43,
        null,
        null,
        null,
        null,
        1,
        5,
        5,
        null,
        null,
        null,
        1,
        7,
        null,
        null,
        1,
        11,
        null,
        null,
        1,
        3,
        null,
        null,
        1,
        12,
        5,
        null,
        null,
        0,
        0,
        null,
        0,
        null,
        null
      ]
    },
    "timestamp": 1596945707
  }
}
